C:\USERS\RAMBO\DOCUMENTS\VISUAL STUDIO 2012\PROJECTS\WRITESNIMEI\FUNTOOL\DEBUG\WORKTHREAD.OBJ
C:\USERS\RAMBO\DOCUMENTS\VISUAL STUDIO 2012\PROJECTS\WRITESNIMEI\FUNTOOL\DEBUG\RUTIL.OBJ
C:\USERS\RAMBO\DOCUMENTS\VISUAL STUDIO 2012\PROJECTS\WRITESNIMEI\FUNTOOL\DEBUG\READTHREAD.OBJ
C:\USERS\RAMBO\DOCUMENTS\VISUAL STUDIO 2012\PROJECTS\WRITESNIMEI\FUNTOOL\DEBUG\MY_COMBOBOX.OBJ
C:\USERS\RAMBO\DOCUMENTS\VISUAL STUDIO 2012\PROJECTS\WRITESNIMEI\FUNTOOL\DEBUG\MAINWINDOW.OBJ
C:\USERS\RAMBO\DOCUMENTS\VISUAL STUDIO 2012\PROJECTS\WRITESNIMEI\FUNTOOL\DEBUG\MAINLOG.OBJ
C:\USERS\RAMBO\DOCUMENTS\VISUAL STUDIO 2012\PROJECTS\WRITESNIMEI\FUNTOOL\DEBUG\MAINCOM.OBJ
C:\USERS\RAMBO\DOCUMENTS\VISUAL STUDIO 2012\PROJECTS\WRITESNIMEI\FUNTOOL\DEBUG\MAIN.OBJ
C:\USERS\RAMBO\DOCUMENTS\VISUAL STUDIO 2012\PROJECTS\WRITESNIMEI\FUNTOOL\DEBUG\MOC_WORKTHREAD.OBJ
C:\USERS\RAMBO\DOCUMENTS\VISUAL STUDIO 2012\PROJECTS\WRITESNIMEI\FUNTOOL\DEBUG\MOC_READTHREAD.OBJ
C:\USERS\RAMBO\DOCUMENTS\VISUAL STUDIO 2012\PROJECTS\WRITESNIMEI\FUNTOOL\DEBUG\MOC_MY_COMBOBOX.OBJ
C:\USERS\RAMBO\DOCUMENTS\VISUAL STUDIO 2012\PROJECTS\WRITESNIMEI\FUNTOOL\DEBUG\MOC_MAINWINDOW.OBJ
C:\USERS\RAMBO\DOCUMENTS\VISUAL STUDIO 2012\PROJECTS\WRITESNIMEI\FUNTOOL\DEBUG\VC110.PDB
C:\USERS\RAMBO\DOCUMENTS\VISUAL STUDIO 2012\PROJECTS\WRITESNIMEI\FUNTOOL\GENERATEDFILES\DEBUG\MOC_READTHREAD.CPP
C:\USERS\RAMBO\DOCUMENTS\VISUAL STUDIO 2012\PROJECTS\WRITESNIMEI\FUNTOOL\GENERATEDFILES\DEBUG\MOC_WORKTHREAD.CPP
C:\USERS\RAMBO\DOCUMENTS\VISUAL STUDIO 2012\PROJECTS\WRITESNIMEI\FUNTOOL\GENERATEDFILES\DEBUG\MOC_MY_COMBOBOX.CPP
C:\USERS\RAMBO\DOCUMENTS\VISUAL STUDIO 2012\PROJECTS\WRITESNIMEI\FUNTOOL\GENERATEDFILES\DEBUG\MOC_MAINWINDOW.CPP
C:\USERS\RAMBO\DOCUMENTS\VISUAL STUDIO 2012\PROJECTS\WRITESNIMEI\FUNTOOL\GENERATEDFILES\QRC_FUNTOOL.CPP
C:\USERS\RAMBO\DOCUMENTS\VISUAL STUDIO 2012\PROJECTS\WRITESNIMEI\FUNTOOL\GENERATEDFILES\UI_MAINWINDOW.H
C:\Users\Rambo\Documents\Visual Studio 2012\Projects\writeSNIMEI\Win32\Debug\funtool.lib
C:\Users\Rambo\Documents\Visual Studio 2012\Projects\writeSNIMEI\Win32\Debug\funtool.exp
C:\USERS\RAMBO\DOCUMENTS\VISUAL STUDIO 2012\PROJECTS\WRITESNIMEI\WIN32\DEBUG\FUNTOOL.ILK
C:\USERS\RAMBO\DOCUMENTS\VISUAL STUDIO 2012\PROJECTS\WRITESNIMEI\WIN32\DEBUG\FUNTOOL.EXE
C:\USERS\RAMBO\DOCUMENTS\VISUAL STUDIO 2012\PROJECTS\WRITESNIMEI\WIN32\DEBUG\FUNTOOL.PDB
C:\Users\Rambo\Documents\Visual Studio 2012\Projects\writeSNIMEI\funtool\Debug\main.obj
C:\Users\Rambo\Documents\Visual Studio 2012\Projects\writeSNIMEI\funtool\Debug\maincom.obj
C:\Users\Rambo\Documents\Visual Studio 2012\Projects\writeSNIMEI\funtool\Debug\mainlog.obj
C:\Users\Rambo\Documents\Visual Studio 2012\Projects\writeSNIMEI\funtool\Debug\mainwindow.obj
C:\Users\Rambo\Documents\Visual Studio 2012\Projects\writeSNIMEI\funtool\Debug\moc_mainwindow.obj
C:\Users\Rambo\Documents\Visual Studio 2012\Projects\writeSNIMEI\funtool\Debug\moc_my_combobox.obj
C:\Users\Rambo\Documents\Visual Studio 2012\Projects\writeSNIMEI\funtool\Debug\moc_readthread.obj
C:\Users\Rambo\Documents\Visual Studio 2012\Projects\writeSNIMEI\funtool\Debug\moc_workthread.obj
C:\Users\Rambo\Documents\Visual Studio 2012\Projects\writeSNIMEI\funtool\Debug\my_combobox.obj
C:\Users\Rambo\Documents\Visual Studio 2012\Projects\writeSNIMEI\funtool\Debug\readthread.obj
C:\Users\Rambo\Documents\Visual Studio 2012\Projects\writeSNIMEI\funtool\Debug\rutil.obj
C:\Users\Rambo\Documents\Visual Studio 2012\Projects\writeSNIMEI\funtool\Debug\workthread.obj
C:\Users\Rambo\Documents\Visual Studio 2012\Projects\writeSNIMEI\funtool\Debug\cl.command.1.tlog
C:\Users\Rambo\Documents\Visual Studio 2012\Projects\writeSNIMEI\funtool\Debug\CL.read.1.tlog
C:\Users\Rambo\Documents\Visual Studio 2012\Projects\writeSNIMEI\funtool\Debug\CL.write.1.tlog
C:\Users\Rambo\Documents\Visual Studio 2012\Projects\writeSNIMEI\funtool\Debug\custombuild.command.1.tlog
C:\Users\Rambo\Documents\Visual Studio 2012\Projects\writeSNIMEI\funtool\Debug\custombuild.read.1.tlog
C:\Users\Rambo\Documents\Visual Studio 2012\Projects\writeSNIMEI\funtool\Debug\custombuild.write.1.tlog
C:\Users\Rambo\Documents\Visual Studio 2012\Projects\writeSNIMEI\funtool\Debug\funtool.write.1.tlog
C:\Users\Rambo\Documents\Visual Studio 2012\Projects\writeSNIMEI\funtool\Debug\link-cvtres.read.1.tlog
C:\Users\Rambo\Documents\Visual Studio 2012\Projects\writeSNIMEI\funtool\Debug\link-cvtres.write.1.tlog
C:\Users\Rambo\Documents\Visual Studio 2012\Projects\writeSNIMEI\funtool\Debug\link-mt.read.1.tlog
C:\Users\Rambo\Documents\Visual Studio 2012\Projects\writeSNIMEI\funtool\Debug\link-mt.write.1.tlog
C:\Users\Rambo\Documents\Visual Studio 2012\Projects\writeSNIMEI\funtool\Debug\link-rc.read.1.tlog
C:\Users\Rambo\Documents\Visual Studio 2012\Projects\writeSNIMEI\funtool\Debug\link-rc.write.1.tlog
C:\Users\Rambo\Documents\Visual Studio 2012\Projects\writeSNIMEI\funtool\Debug\link.command.1.tlog
C:\Users\Rambo\Documents\Visual Studio 2012\Projects\writeSNIMEI\funtool\Debug\link.read.1.tlog
C:\Users\Rambo\Documents\Visual Studio 2012\Projects\writeSNIMEI\funtool\Debug\link.write.1.tlog
C:\Users\Rambo\Documents\Visual Studio 2012\Projects\writeSNIMEI\funtool\Debug\vc110.pdb
C:\Users\Rambo\Documents\Visual Studio 2012\Projects\writeSNIMEI\Win32\Debug\funtool.pdb
C:\Users\Rambo\Documents\Visual Studio 2012\Projects\writeSNIMEI\Win32\Debug\funtool.exe
C:\Users\Rambo\Documents\Visual Studio 2012\Projects\writeSNIMEI\Win32\Debug\funtool.ilk
