C:\USERS\RAMBO\DOCUMENTS\VISUAL STUDIO 2012\PROJECTS\WRITESNIMEI\FUNTOOL\RELEASE\WORKTHREAD.OBJ
C:\USERS\RAMBO\DOCUMENTS\VISUAL STUDIO 2012\PROJECTS\WRITESNIMEI\FUNTOOL\RELEASE\RUTIL.OBJ
C:\USERS\RAMBO\DOCUMENTS\VISUAL STUDIO 2012\PROJECTS\WRITESNIMEI\FUNTOOL\RELEASE\READTHREAD.OBJ
C:\USERS\RAMBO\DOCUMENTS\VISUAL STUDIO 2012\PROJECTS\WRITESNIMEI\FUNTOOL\RELEASE\MY_COMBOBOX.OBJ
C:\USERS\RAMBO\DOCUMENTS\VISUAL STUDIO 2012\PROJECTS\WRITESNIMEI\FUNTOOL\RELEASE\MAINWINDOW.OBJ
C:\USERS\RAMBO\DOCUMENTS\VISUAL STUDIO 2012\PROJECTS\WRITESNIMEI\FUNTOOL\RELEASE\MAINLOG.OBJ
C:\USERS\RAMBO\DOCUMENTS\VISUAL STUDIO 2012\PROJECTS\WRITESNIMEI\FUNTOOL\RELEASE\MAINCOM.OBJ
C:\USERS\RAMBO\DOCUMENTS\VISUAL STUDIO 2012\PROJECTS\WRITESNIMEI\FUNTOOL\RELEASE\MAIN.OBJ
C:\USERS\RAMBO\DOCUMENTS\VISUAL STUDIO 2012\PROJECTS\WRITESNIMEI\FUNTOOL\RELEASE\MOC_WORKTHREAD.OBJ
C:\USERS\RAMBO\DOCUMENTS\VISUAL STUDIO 2012\PROJECTS\WRITESNIMEI\FUNTOOL\RELEASE\MOC_READTHREAD.OBJ
C:\USERS\RAMBO\DOCUMENTS\VISUAL STUDIO 2012\PROJECTS\WRITESNIMEI\FUNTOOL\RELEASE\MOC_MY_COMBOBOX.OBJ
C:\USERS\RAMBO\DOCUMENTS\VISUAL STUDIO 2012\PROJECTS\WRITESNIMEI\FUNTOOL\RELEASE\MOC_MAINWINDOW.OBJ
C:\USERS\RAMBO\DOCUMENTS\VISUAL STUDIO 2012\PROJECTS\WRITESNIMEI\FUNTOOL\GENERATEDFILES\RELEASE\MOC_READTHREAD.CPP
C:\USERS\RAMBO\DOCUMENTS\VISUAL STUDIO 2012\PROJECTS\WRITESNIMEI\FUNTOOL\GENERATEDFILES\RELEASE\MOC_WORKTHREAD.CPP
C:\USERS\RAMBO\DOCUMENTS\VISUAL STUDIO 2012\PROJECTS\WRITESNIMEI\FUNTOOL\GENERATEDFILES\RELEASE\MOC_MY_COMBOBOX.CPP
C:\USERS\RAMBO\DOCUMENTS\VISUAL STUDIO 2012\PROJECTS\WRITESNIMEI\FUNTOOL\GENERATEDFILES\RELEASE\MOC_MAINWINDOW.CPP
C:\USERS\RAMBO\DOCUMENTS\VISUAL STUDIO 2012\PROJECTS\WRITESNIMEI\FUNTOOL\GENERATEDFILES\QRC_FUNTOOL.CPP
C:\USERS\RAMBO\DOCUMENTS\VISUAL STUDIO 2012\PROJECTS\WRITESNIMEI\FUNTOOL\GENERATEDFILES\UI_MAINWINDOW.H
C:\Users\Rambo\Documents\Visual Studio 2012\Projects\writeSNIMEI\Win32\Release\funtool.lib
C:\Users\Rambo\Documents\Visual Studio 2012\Projects\writeSNIMEI\Win32\Release\funtool.exp
C:\USERS\RAMBO\DOCUMENTS\VISUAL STUDIO 2012\PROJECTS\WRITESNIMEI\WIN32\RELEASE\FUNTOOL.EXE
C:\Users\Rambo\Documents\Visual Studio 2012\Projects\writeSNIMEI\funtool\Release\main.obj
C:\Users\Rambo\Documents\Visual Studio 2012\Projects\writeSNIMEI\funtool\Release\maincom.obj
C:\Users\Rambo\Documents\Visual Studio 2012\Projects\writeSNIMEI\funtool\Release\mainlog.obj
C:\Users\Rambo\Documents\Visual Studio 2012\Projects\writeSNIMEI\funtool\Release\mainwindow.obj
C:\Users\Rambo\Documents\Visual Studio 2012\Projects\writeSNIMEI\funtool\Release\moc_mainwindow.obj
C:\Users\Rambo\Documents\Visual Studio 2012\Projects\writeSNIMEI\funtool\Release\moc_my_combobox.obj
C:\Users\Rambo\Documents\Visual Studio 2012\Projects\writeSNIMEI\funtool\Release\moc_readthread.obj
C:\Users\Rambo\Documents\Visual Studio 2012\Projects\writeSNIMEI\funtool\Release\moc_workthread.obj
C:\Users\Rambo\Documents\Visual Studio 2012\Projects\writeSNIMEI\funtool\Release\my_combobox.obj
C:\Users\Rambo\Documents\Visual Studio 2012\Projects\writeSNIMEI\funtool\Release\readthread.obj
C:\Users\Rambo\Documents\Visual Studio 2012\Projects\writeSNIMEI\funtool\Release\rutil.obj
C:\Users\Rambo\Documents\Visual Studio 2012\Projects\writeSNIMEI\funtool\Release\workthread.obj
C:\Users\Rambo\Documents\Visual Studio 2012\Projects\writeSNIMEI\funtool\Release\cl.command.1.tlog
C:\Users\Rambo\Documents\Visual Studio 2012\Projects\writeSNIMEI\funtool\Release\CL.read.1.tlog
C:\Users\Rambo\Documents\Visual Studio 2012\Projects\writeSNIMEI\funtool\Release\CL.write.1.tlog
C:\Users\Rambo\Documents\Visual Studio 2012\Projects\writeSNIMEI\funtool\Release\custombuild.command.1.tlog
C:\Users\Rambo\Documents\Visual Studio 2012\Projects\writeSNIMEI\funtool\Release\custombuild.read.1.tlog
C:\Users\Rambo\Documents\Visual Studio 2012\Projects\writeSNIMEI\funtool\Release\custombuild.write.1.tlog
C:\Users\Rambo\Documents\Visual Studio 2012\Projects\writeSNIMEI\funtool\Release\funtool.write.1.tlog
C:\Users\Rambo\Documents\Visual Studio 2012\Projects\writeSNIMEI\funtool\Release\link-cvtres.read.1.tlog
C:\Users\Rambo\Documents\Visual Studio 2012\Projects\writeSNIMEI\funtool\Release\link-cvtres.write.1.tlog
C:\Users\Rambo\Documents\Visual Studio 2012\Projects\writeSNIMEI\funtool\Release\link-mt.read.1.tlog
C:\Users\Rambo\Documents\Visual Studio 2012\Projects\writeSNIMEI\funtool\Release\link-mt.write.1.tlog
C:\Users\Rambo\Documents\Visual Studio 2012\Projects\writeSNIMEI\funtool\Release\link-rc.read.1.tlog
C:\Users\Rambo\Documents\Visual Studio 2012\Projects\writeSNIMEI\funtool\Release\link-rc.write.1.tlog
C:\Users\Rambo\Documents\Visual Studio 2012\Projects\writeSNIMEI\funtool\Release\link.command.1.tlog
C:\Users\Rambo\Documents\Visual Studio 2012\Projects\writeSNIMEI\funtool\Release\link.read.1.tlog
C:\Users\Rambo\Documents\Visual Studio 2012\Projects\writeSNIMEI\funtool\Release\link.write.1.tlog
C:\Users\Rambo\Documents\Visual Studio 2012\Projects\writeSNIMEI\Win32\Release\funtool.exe
